Joining, by = "flag"
Joining, by = "flag"
Joining, by = "flag"
Joining, by = "flag"
Joining, by = "flag"
Joining, by = "flag"
There were 50 or more warnings (use warnings() to see the first 50)
Time difference of 2.072422 hours
##------ Wed Jun 17 04:04:24 2020 ------##
Joining, by = "flag"
Joining, by = "flag"
Joining, by = "flag"
Joining, by = "flag"
Joining, by = "flag"
Joining, by = "flag"
There were 50 or more warnings (use warnings() to see the first 50)
Time difference of 2.028067 hours
##------ Thu Jun 18 04:01:44 2020 ------##
Joining, by = "flag"
Joining, by = "flag"
Joining, by = "flag"
Joining, by = "flag"
Joining, by = "flag"
Joining, by = "flag"
There were 50 or more warnings (use warnings() to see the first 50)
Time difference of 2.080068 hours
##------ Fri Jun 19 04:04:51 2020 ------##
Joining, by = "flag"
Joining, by = "flag"
Joining, by = "flag"
Joining, by = "flag"
Joining, by = "flag"
Joining, by = "flag"
There were 50 or more warnings (use warnings() to see the first 50)
Time difference of 2.968588 hours
##------ Wed Jul  1 01:58:11 2020 ------##
Joining, by = "flag"
Joining, by = "flag"
Joining, by = "flag"
Joining, by = "flag"
Joining, by = "flag"
Joining, by = "flag"
There were 50 or more warnings (use warnings() to see the first 50)
Time difference of 2.928352 hours
##------ Thu Jul  2 01:55:46 2020 ------##
Joining, by = "flag"
Joining, by = "flag"
Joining, by = "flag"
Joining, by = "flag"
Joining, by = "flag"
Joining, by = "flag"
There were 50 or more warnings (use warnings() to see the first 50)
Time difference of 3.256725 hours
##------ Fri Jul  3 02:15:27 2020 ------##
Joining, by = "flag"
Joining, by = "flag"
Joining, by = "flag"
Joining, by = "flag"
Joining, by = "flag"
Joining, by = "flag"
There were 50 or more warnings (use warnings() to see the first 50)
Time difference of 2.93689 hours
##------ Sat Jul  4 01:56:16 2020 ------##
Joining, by = "flag"
Joining, by = "flag"
Joining, by = "flag"
Joining, by = "flag"
Joining, by = "flag"
Joining, by = "flag"
There were 50 or more warnings (use warnings() to see the first 50)
Time difference of 2.951347 hours
##------ Sun Jul  5 01:57:10 2020 ------##
Joining, by = "flag"
Joining, by = "flag"
Joining, by = "flag"
Joining, by = "flag"
Joining, by = "flag"
Joining, by = "flag"
There were 50 or more warnings (use warnings() to see the first 50)
Time difference of 2.958687 hours
##------ Mon Jul  6 01:57:35 2020 ------##
Joining, by = "flag"
Joining, by = "flag"
Joining, by = "flag"
Joining, by = "flag"
Joining, by = "flag"
Joining, by = "flag"
There were 50 or more warnings (use warnings() to see the first 50)
Time difference of 2.918696 hours
##------ Tue Jul  7 01:55:11 2020 ------##
Joining, by = "flag"
Joining, by = "flag"
Joining, by = "flag"
Joining, by = "flag"
Joining, by = "flag"
Joining, by = "flag"
There were 50 or more warnings (use warnings() to see the first 50)
Time difference of 2.931761 hours
##------ Thu Jul 16 01:55:58 2020 ------##
Joining, by = "flag"
Joining, by = "flag"
Joining, by = "flag"
Joining, by = "flag"
Joining, by = "flag"
Joining, by = "flag"
There were 50 or more warnings (use warnings() to see the first 50)
Time difference of 3.088867 hours
##------ Fri Jul 17 02:05:24 2020 ------##
Joining, by = "flag"
Joining, by = "flag"
Joining, by = "flag"
Joining, by = "flag"
Joining, by = "flag"
Joining, by = "flag"
Joining, by = "flag"
Joining, by = "flag"
Joining, by = "flag"
Joining, by = "flag"
Joining, by = "flag"
Joining, by = "flag"
There were 50 or more warnings (use warnings() to see the first 50)
Time difference of 3.162502 hours
##------ Sun Jul 19 02:09:49 2020 ------##
